<?xml version="1.0" encoding="UTF-8"?>
<!-- Generated by org.testng.reporters.JUnitXMLReporter -->
<testsuite ignored="0" hostname="DESKTOP-0ICKN3U" failures="0" tests="3" name="TestRunner1" time="38.002" errors="0" timestamp="2022-12-11T23:03:48 IST">
  <testcase classname="practice.TestNgpractice2" name="Test" time="0.015"/>
  <testcase classname="practice.TestNgpractice2" name="Test1" time="0.004"/>
  <testcase classname="practice.TestNgpractice2" name="Test2" time="0.005"/>
</testsuite> <!-- TestRunner1 -->
