<?xml version="1.0" encoding="UTF-8"?>
<!-- Generated by org.testng.reporters.JUnitXMLReporter -->
<testsuite ignored="0" hostname="DESKTOP-0ICKN3U" failures="0" tests="3" name="Test-Runner-Chrome" time="0.115" errors="0" timestamp="2022-12-11T22:45:19 IST">
  <testcase classname="practice.TestNgpractice1" name="@BeforeClass ClassSetup" time="-1.670778918848E9">
    <failure type="org.testng.TestNGException" message="
Parameter &amp;apos;BROWSER&amp;apos; is required by BeforeClass on method ClassSetup but has not been marked @Optional or defined
in C:\Users\admin\eclipse-workspace2\com.turism.pheonx.framework\Cross.xml">
      <![CDATA[org.testng.TestNGException: 
Parameter 'BROWSER' is required by BeforeClass on method ClassSetup but has not been marked @Optional or defined
in C:\Users\admin\eclipse-workspace2\com.turism.pheonx.framework\Cross.xml
at java.base/java.util.ArrayList.forEach(ArrayList.java:1511)
at java.base/java.util.concurrent.FutureTask.run(FutureTask.java:264)
at java.base/java.util.concurrent.ThreadPoolExecutor.runWorker(ThreadPoolExecutor.java:1136)
at java.base/java.util.concurrent.ThreadPoolExecutor$Worker.run(ThreadPoolExecutor.java:635)
at java.base/java.lang.Thread.run(Thread.java:833)
... Removed 13 stack frames]]>
    </failure>
  </testcase> <!-- @BeforeClass ClassSetup -->
  <testcase classname="practice.TestNgpractice2" name="Test" time="0.0">
    <skipped/>
  </testcase> <!-- Test -->
  <testcase classname="practice.TestNgpractice2" name="Test1" time="0.0">
    <skipped/>
  </testcase> <!-- Test1 -->
  <testcase classname="practice.TestNgpractice2" name="Test2" time="0.0">
    <skipped/>
  </testcase> <!-- Test2 -->
</testsuite> <!-- Test-Runner-Chrome -->
