<?xml version="1.0" encoding="UTF-8"?>
<!-- Generated by org.testng.reporters.JUnitXMLReporter -->
<testsuite ignored="0" hostname="DESKTOP-0ICKN3U" failures="0" tests="3" name="TestRunner2" time="38.012" errors="0" timestamp="2022-12-11T23:03:48 IST">
  <testcase classname="practice.TestNgpractice3" name="Test" time="0.014"/>
  <testcase classname="practice.TestNgpractice3" name="Test1" time="0.008"/>
  <testcase classname="practice.TestNgpractice3" name="Test2" time="0.002"/>
</testsuite> <!-- TestRunner2 -->
